2024-03-14T04:21:32.404+01:00  INFO 1140 --- [main] com.SpringBootProject2Application        : Starting SpringBootProject2Application using Java 17.0.10 with PID 1140 (C:\Users\Administrator\Documents\spring-boot-project2\spring-boot-project2\target\classes started by Administrator in C:\Users\Administrator\Documents\spring-boot-project2\spring-boot-project2)
2024-03-14T04:21:32.418+01:00  INFO 1140 --- [main] com.SpringBootProject2Application        : No active profile set, falling back to 1 default profile: "default"
2024-03-14T04:21:33.402+01:00  INFO 1140 --- [main] .s.d.r.c.RepositoryConfigurationDelegate : Bootstrapping Spring Data JPA repositories in DEFAULT mode.
2024-03-14T04:21:33.823+01:00  INFO 1140 --- [main] .s.d.r.c.RepositoryConfigurationDelegate : Finished Spring Data repository scanning in 412 ms. Found 4 JPA repository interfaces.
2024-03-14T04:21:34.333+01:00  INFO 1140 --- [main] o.s.b.w.embedded.tomcat.TomcatWebServer  : Tomcat initialized with port 8080 (http)
2024-03-14T04:21:34.347+01:00  INFO 1140 --- [main] o.apache.catalina.core.StandardService   : Starting service [Tomcat]
2024-03-14T04:21:34.348+01:00  INFO 1140 --- [main] o.apache.catalina.core.StandardEngine    : Starting Servlet engine: [Apache Tomcat/10.1.18]
2024-03-14T04:21:34.403+01:00  INFO 1140 --- [main] o.a.c.c.C.[Tomcat].[localhost].[/]       : Initializing Spring embedded WebApplicationContext
2024-03-14T04:21:34.403+01:00  INFO 1140 --- [main] w.s.c.ServletWebServerApplicationContext : Root WebApplicationContext: initialization completed in 1919 ms
2024-03-14T04:21:34.632+01:00  INFO 1140 --- [main] o.hibernate.jpa.internal.util.LogHelper  : HHH000204: Processing PersistenceUnitInfo [name: default]
2024-03-14T04:21:34.733+01:00  INFO 1140 --- [main] org.hibernate.Version                    : HHH000412: Hibernate ORM core version 6.4.1.Final
2024-03-14T04:21:34.793+01:00  INFO 1140 --- [main] o.h.c.internal.RegionFactoryInitiator    : HHH000026: Second-level cache disabled
2024-03-14T04:21:35.114+01:00  INFO 1140 --- [main] o.s.o.j.p.SpringPersistenceUnitInfo      : No LoadTimeWeaver setup: ignoring JPA class transformer
2024-03-14T04:21:35.153+01:00  INFO 1140 --- [main] com.zaxxer.hikari.HikariDataSource       : HikariPool-1 - Starting...
2024-03-14T04:21:35.585+01:00  INFO 1140 --- [main] com.zaxxer.hikari.pool.HikariPool        : HikariPool-1 - Added connection com.mysql.cj.jdbc.ConnectionImpl@62de20d3
2024-03-14T04:21:35.587+01:00  INFO 1140 --- [main] com.zaxxer.hikari.HikariDataSource       : HikariPool-1 - Start completed.
2024-03-14T04:21:36.652+01:00  INFO 1140 --- [main] o.h.e.t.j.p.i.JtaPlatformInitiator       : HHH000489: No JTA platform available (set 'hibernate.transaction.jta.platform' to enable JTA platform integration)
2024-03-14T04:21:36.748+01:00  INFO 1140 --- [main] j.LocalContainerEntityManagerFactoryBean : Initialized JPA EntityManagerFactory for persistence unit 'default'
2024-03-14T04:21:37.030+01:00  WARN 1140 --- [main] JpaBaseConfiguration$JpaWebConfiguration : spring.jpa.open-in-view is enabled by default. Therefore, database queries may be performed during view rendering. Explicitly configure spring.jpa.open-in-view to disable this warning
2024-03-14T04:21:37.403+01:00  INFO 1140 --- [main] o.s.b.w.embedded.tomcat.TomcatWebServer  : Tomcat started on port 8080 (http) with context path ''
2024-03-14T04:21:37.435+01:00  INFO 1140 --- [main] com.SpringBootProject2Application        : Started SpringBootProject2Application in 5.502 seconds (process running for 5.918)
2024-03-14T04:21:42.737+01:00  INFO 1140 --- [http-nio-8080-exec-1] o.a.c.c.C.[Tomcat].[localhost].[/]       : Initializing Spring DispatcherServlet 'dispatcherServlet'
2024-03-14T04:21:42.737+01:00  INFO 1140 --- [http-nio-8080-exec-1] o.s.web.servlet.DispatcherServlet        : Initializing Servlet 'dispatcherServlet'
2024-03-14T04:21:42.737+01:00  INFO 1140 --- [http-nio-8080-exec-1] o.s.web.servlet.DispatcherServlet        : Completed initialization in 0 ms
2024-03-14T04:26:34.683+01:00  INFO 1140 --- [SpringApplicationShutdownHook] j.LocalContainerEntityManagerFactoryBean : Closing JPA EntityManagerFactory for persistence unit 'default'
2024-03-14T04:26:34.683+01:00  INFO 1140 --- [SpringApplicationShutdownHook] com.zaxxer.hikari.HikariDataSource       : HikariPool-1 - Shutdown initiated...
2024-03-14T04:26:34.698+01:00  INFO 1140 --- [SpringApplicationShutdownHook] com.zaxxer.hikari.HikariDataSource       : HikariPool-1 - Shutdown completed.
2024-03-14T04:26:42.160+01:00  INFO 7340 --- [main] com.SpringBootProject2Application        : Starting SpringBootProject2Application using Java 17.0.10 with PID 7340 (C:\Users\Administrator\Documents\spring-boot-project2\spring-boot-project2\target\classes started by Administrator in C:\Users\Administrator\Documents\spring-boot-project2\spring-boot-project2)
2024-03-14T04:26:42.163+01:00  INFO 7340 --- [main] com.SpringBootProject2Application        : No active profile set, falling back to 1 default profile: "default"
2024-03-14T04:26:43.057+01:00  INFO 7340 --- [main] .s.d.r.c.RepositoryConfigurationDelegate : Bootstrapping Spring Data JPA repositories in DEFAULT mode.
2024-03-14T04:26:43.343+01:00  INFO 7340 --- [main] .s.d.r.c.RepositoryConfigurationDelegate : Finished Spring Data repository scanning in 277 ms. Found 4 JPA repository interfaces.
2024-03-14T04:26:43.882+01:00  INFO 7340 --- [main] o.s.b.w.embedded.tomcat.TomcatWebServer  : Tomcat initialized with port 8080 (http)
2024-03-14T04:26:43.902+01:00  INFO 7340 --- [main] o.apache.catalina.core.StandardService   : Starting service [Tomcat]
2024-03-14T04:26:43.902+01:00  INFO 7340 --- [main] o.apache.catalina.core.StandardEngine    : Starting Servlet engine: [Apache Tomcat/10.1.18]
2024-03-14T04:26:43.974+01:00  INFO 7340 --- [main] o.a.c.c.C.[Tomcat].[localhost].[/]       : Initializing Spring embedded WebApplicationContext
2024-03-14T04:26:43.974+01:00  INFO 7340 --- [main] w.s.c.ServletWebServerApplicationContext : Root WebApplicationContext: initialization completed in 1751 ms
2024-03-14T04:26:44.164+01:00  INFO 7340 --- [main] o.hibernate.jpa.internal.util.LogHelper  : HHH000204: Processing PersistenceUnitInfo [name: default]
2024-03-14T04:26:44.222+01:00  INFO 7340 --- [main] org.hibernate.Version                    : HHH000412: Hibernate ORM core version 6.4.1.Final
2024-03-14T04:26:44.266+01:00  INFO 7340 --- [main] o.h.c.internal.RegionFactoryInitiator    : HHH000026: Second-level cache disabled
2024-03-14T04:26:44.483+01:00  INFO 7340 --- [main] o.s.o.j.p.SpringPersistenceUnitInfo      : No LoadTimeWeaver setup: ignoring JPA class transformer
2024-03-14T04:26:44.503+01:00  INFO 7340 --- [main] com.zaxxer.hikari.HikariDataSource       : HikariPool-1 - Starting...
2024-03-14T04:26:44.792+01:00  INFO 7340 --- [main] com.zaxxer.hikari.pool.HikariPool        : HikariPool-1 - Added connection com.mysql.cj.jdbc.ConnectionImpl@3dee3a6c
2024-03-14T04:26:44.792+01:00  INFO 7340 --- [main] com.zaxxer.hikari.HikariDataSource       : HikariPool-1 - Start completed.
2024-03-14T04:26:45.665+01:00  INFO 7340 --- [main] o.h.e.t.j.p.i.JtaPlatformInitiator       : HHH000489: No JTA platform available (set 'hibernate.transaction.jta.platform' to enable JTA platform integration)
2024-03-14T04:26:45.728+01:00  INFO 7340 --- [main] j.LocalContainerEntityManagerFactoryBean : Initialized JPA EntityManagerFactory for persistence unit 'default'
2024-03-14T04:26:45.983+01:00  WARN 7340 --- [main] JpaBaseConfiguration$JpaWebConfiguration : spring.jpa.open-in-view is enabled by default. Therefore, database queries may be performed during view rendering. Explicitly configure spring.jpa.open-in-view to disable this warning
2024-03-14T04:26:46.317+01:00  INFO 7340 --- [main] o.s.b.w.embedded.tomcat.TomcatWebServer  : Tomcat started on port 8080 (http) with context path ''
2024-03-14T04:26:46.322+01:00  INFO 7340 --- [main] com.SpringBootProject2Application        : Started SpringBootProject2Application in 4.58 seconds (process running for 4.906)
2024-03-14T04:26:52.781+01:00  INFO 7340 --- [http-nio-8080-exec-1] o.a.c.c.C.[Tomcat].[localhost].[/]       : Initializing Spring DispatcherServlet 'dispatcherServlet'
2024-03-14T04:26:52.783+01:00  INFO 7340 --- [http-nio-8080-exec-1] o.s.web.servlet.DispatcherServlet        : Initializing Servlet 'dispatcherServlet'
2024-03-14T04:26:52.789+01:00  INFO 7340 --- [http-nio-8080-exec-1] o.s.web.servlet.DispatcherServlet        : Completed initialization in 5 ms
2024-03-14T04:35:41.715+01:00  INFO 7340 --- [SpringApplicationShutdownHook] j.LocalContainerEntityManagerFactoryBean : Closing JPA EntityManagerFactory for persistence unit 'default'
2024-03-14T04:35:41.715+01:00  INFO 7340 --- [SpringApplicationShutdownHook] com.zaxxer.hikari.HikariDataSource       : HikariPool-1 - Shutdown initiated...
2024-03-14T04:35:41.723+01:00  INFO 7340 --- [SpringApplicationShutdownHook] com.zaxxer.hikari.HikariDataSource       : HikariPool-1 - Shutdown completed.
2024-03-14T04:35:48.376+01:00  INFO 7648 --- [main] com.SpringBootProject2Application        : Starting SpringBootProject2Application using Java 17.0.10 with PID 7648 (C:\Users\Administrator\Documents\spring-boot-project2\spring-boot-project2\target\classes started by Administrator in C:\Users\Administrator\Documents\spring-boot-project2\spring-boot-project2)
2024-03-14T04:35:48.376+01:00  INFO 7648 --- [main] com.SpringBootProject2Application        : No active profile set, falling back to 1 default profile: "default"
2024-03-14T04:35:49.202+01:00  INFO 7648 --- [main] .s.d.r.c.RepositoryConfigurationDelegate : Bootstrapping Spring Data JPA repositories in DEFAULT mode.
2024-03-14T04:35:49.482+01:00  INFO 7648 --- [main] .s.d.r.c.RepositoryConfigurationDelegate : Finished Spring Data repository scanning in 274 ms. Found 4 JPA repository interfaces.
2024-03-14T04:35:50.004+01:00  INFO 7648 --- [main] o.s.b.w.embedded.tomcat.TomcatWebServer  : Tomcat initialized with port 8080 (http)
2024-03-14T04:35:50.023+01:00  INFO 7648 --- [main] o.apache.catalina.core.StandardService   : Starting service [Tomcat]
2024-03-14T04:35:50.023+01:00  INFO 7648 --- [main] o.apache.catalina.core.StandardEngine    : Starting Servlet engine: [Apache Tomcat/10.1.18]
2024-03-14T04:35:50.082+01:00  INFO 7648 --- [main] o.a.c.c.C.[Tomcat].[localhost].[/]       : Initializing Spring embedded WebApplicationContext
2024-03-14T04:35:50.082+01:00  INFO 7648 --- [main] w.s.c.ServletWebServerApplicationContext : Root WebApplicationContext: initialization completed in 1650 ms
2024-03-14T04:35:50.263+01:00  INFO 7648 --- [main] o.hibernate.jpa.internal.util.LogHelper  : HHH000204: Processing PersistenceUnitInfo [name: default]
2024-03-14T04:35:50.323+01:00  INFO 7648 --- [main] org.hibernate.Version                    : HHH000412: Hibernate ORM core version 6.4.1.Final
2024-03-14T04:35:50.363+01:00  INFO 7648 --- [main] o.h.c.internal.RegionFactoryInitiator    : HHH000026: Second-level cache disabled
2024-03-14T04:35:50.600+01:00  INFO 7648 --- [main] o.s.o.j.p.SpringPersistenceUnitInfo      : No LoadTimeWeaver setup: ignoring JPA class transformer
2024-03-14T04:35:50.629+01:00  INFO 7648 --- [main] com.zaxxer.hikari.HikariDataSource       : HikariPool-1 - Starting...
2024-03-14T04:35:50.934+01:00  INFO 7648 --- [main] com.zaxxer.hikari.pool.HikariPool        : HikariPool-1 - Added connection com.mysql.cj.jdbc.ConnectionImpl@123c48d0
2024-03-14T04:35:50.936+01:00  INFO 7648 --- [main] com.zaxxer.hikari.HikariDataSource       : HikariPool-1 - Start completed.
2024-03-14T04:35:52.043+01:00  INFO 7648 --- [main] o.h.e.t.j.p.i.JtaPlatformInitiator       : HHH000489: No JTA platform available (set 'hibernate.transaction.jta.platform' to enable JTA platform integration)
2024-03-14T04:35:52.132+01:00  INFO 7648 --- [main] j.LocalContainerEntityManagerFactoryBean : Initialized JPA EntityManagerFactory for persistence unit 'default'
2024-03-14T04:35:52.413+01:00  WARN 7648 --- [main] JpaBaseConfiguration$JpaWebConfiguration : spring.jpa.open-in-view is enabled by default. Therefore, database queries may be performed during view rendering. Explicitly configure spring.jpa.open-in-view to disable this warning
2024-03-14T04:35:52.817+01:00  INFO 7648 --- [main] o.s.b.w.embedded.tomcat.TomcatWebServer  : Tomcat started on port 8080 (http) with context path ''
2024-03-14T04:35:52.829+01:00  INFO 7648 --- [main] com.SpringBootProject2Application        : Started SpringBootProject2Application in 4.906 seconds (process running for 5.209)
2024-03-14T04:36:09.724+01:00  INFO 7648 --- [http-nio-8080-exec-2] o.a.c.c.C.[Tomcat].[localhost].[/]       : Initializing Spring DispatcherServlet 'dispatcherServlet'
2024-03-14T04:36:09.726+01:00  INFO 7648 --- [http-nio-8080-exec-2] o.s.web.servlet.DispatcherServlet        : Initializing Servlet 'dispatcherServlet'
2024-03-14T04:36:09.730+01:00  INFO 7648 --- [http-nio-8080-exec-2] o.s.web.servlet.DispatcherServlet        : Completed initialization in 2 ms
